Using pre-set license
Built from '2020.3/staging' branch; Version is '2020.3.11f1 (99c7afb366b3) revision 10078127'; Using compiler version '192528614'; Build Type 'Release'
OS: 'Windows 10 Pro; OS build 19042.1052; Version 2009; 64bit' Language: 'en' Physical Memory: 16332 MB
BatchMode: 1, IsHumanControllingUs: 0, StartBugReporterOnCrash: 0, Is64bit: 1, IsPro: 0

 COMMAND LINE ARGUMENTS:
G:\unity\2020.3.11f1\Editor\Unity.exe
-adb2
-batchMode
-noUpm
-name
AssetImportWorker0
-projectPath
C:/Users/Nicc/Documents/GitHub/DewberryFreeTimeGameProject
-logFile
Logs/AssetImportWorker0.log
-srvPort
52555
Successfully changed project path to: C:/Users/Nicc/Documents/GitHub/DewberryFreeTimeGameProject
C:/Users/Nicc/Documents/GitHub/DewberryFreeTimeGameProject
Using Asset Import Pipeline V2.
Refreshing native plugins compatible for Editor in 54.33 ms, found 3 plugins.
Preloading 0 native plugins for Editor in 0.00 ms.
Initialize engine version: 2020.3.11f1 (99c7afb366b3)
[Subsystems] Discovering subsystems at path G:/unity/2020.3.11f1/Editor/Data/Resources/UnitySubsystems
[Subsystems] Discovering subsystems at path C:/Users/Nicc/Documents/GitHub/DewberryFreeTimeGameProject/Assets
GfxDevice: creating device client; threaded=0
Direct3D:
    Version:  Direct3D 11.0 [level 11.1]
    Renderer: NVIDIA GeForce GTX 1050 Ti (ID=0x1c82)
    Vendor:   
    VRAM:     4018 MB
    Driver:   27.21.14.6611
Initialize mono
Mono path[0] = 'G:/unity/2020.3.11f1/Editor/Data/Managed'
Mono path[1] = 'G:/unity/2020.3.11f1/Editor/Data/MonoBleedingEdge/lib/mono/unityjit'
Mono config path = 'G:/unity/2020.3.11f1/Editor/Data/MonoBleedingEdge/etc'
Using monoOptions --debugger-agent=transport=dt_socket,embedding=1,server=y,suspend=n,address=127.0.0.1:56072
Begin MonoManager ReloadAssembly
Registering precompiled unity dll's ...
Register platform support module: G:/unity/2020.3.11f1/Editor/Data/PlaybackEngines/WindowsStandaloneSupport/UnityEditor.WindowsStandalone.Extensions.dll
Registered in 0.001545 seconds.
Native extension for WindowsStandalone target not found
Refreshing native plugins compatible for Editor in 54.62 ms, found 3 plugins.
Preloading 0 native plugins for Editor in 0.00 ms.
Mono: successfully reloaded assembly
- Completed reload, in  1.497 seconds
Platform modules already initialized, skipping
Registering precompiled user dll's ...
Registered in 0.006241 seconds.
Begin MonoManager ReloadAssembly
Native extension for WindowsStandalone target not found
Refreshing native plugins compatible for Editor in 54.03 ms, found 3 plugins.
Preloading 0 native plugins for Editor in 0.00 ms.
Mono: successfully reloaded assembly
- Completed reload, in  1.362 seconds
Platform modules already initialized, skipping
========================================================================
Worker process is ready to serve import requests
Launched and connected shader compiler UnityShaderCompiler.exe after 0.61 seconds
Refreshing native plugins compatible for Editor in 0.63 ms, found 3 plugins.
Preloading 0 native plugins for Editor in 0.00 ms.
Unloading 2130 Unused Serialized files (Serialized files now loaded: 0)
System memory in use before: 96.0 MB.
System memory in use after: 96.0 MB.

Unloading 33 unused Assets to reduce memory usage. Loaded Objects now: 2565.
Total: 2.943800 ms (FindLiveObjects: 0.271900 ms CreateObjectMapping: 0.058000 ms MarkObjects: 2.428000 ms  DeleteObjects: 0.183800 ms)

========================================================================
Received Import Request.
  path: Assets/Scripts/BattleSystem.cs
  artifactKey: Guid(2d07adf48c6e37745a6112cd1d33f37d) Importer(815301076,1909f56bfc062723c751e8b465ee728b)
Start importing Assets/Scripts/BattleSystem.cs using Guid(2d07adf48c6e37745a6112cd1d33f37d) Importer(815301076,1909f56bfc062723c751e8b465ee728b)  -> (artifact id: '98327e513ae1ce808cefb1c26993ff73') in 0.051367 seconds
  Import took 0.055248 seconds .

========================================================================
Received Import Request.
  Time since last request: 0.000534 seconds.
  path: Assets/Scripts/PCS.cs
  artifactKey: Guid(f1aff1e5e1d4f94418f846fbf1c1c85a) Importer(815301076,1909f56bfc062723c751e8b465ee728b)
Start importing Assets/Scripts/PCS.cs using Guid(f1aff1e5e1d4f94418f846fbf1c1c85a) Importer(815301076,1909f56bfc062723c751e8b465ee728b)  -> (artifact id: 'eba65f8cb716cbe4a71024b8ad455c58') in 0.008405 seconds
  Import took 0.012264 seconds .

========================================================================
Received Import Request.
  Time since last request: 0.000254 seconds.
  path: Assets/Scripts/ZombieScript.cs
  artifactKey: Guid(7bbe37872378c164db917ff6805c00f5) Importer(815301076,1909f56bfc062723c751e8b465ee728b)
Start importing Assets/Scripts/ZombieScript.cs using Guid(7bbe37872378c164db917ff6805c00f5) Importer(815301076,1909f56bfc062723c751e8b465ee728b)  -> (artifact id: '876397c8f6ee5343e1ba4a1bba65c30a') in 0.008452 seconds
  Import took 0.011917 seconds .

========================================================================
Received Import Request.
  Time since last request: 0.000263 seconds.
  path: Assets/Scripts
  artifactKey: Guid(5fa787c35ab2f2842bfd722c7537e39d) Importer(815301076,1909f56bfc062723c751e8b465ee728b)
Start importing Assets/Scripts using Guid(5fa787c35ab2f2842bfd722c7537e39d) Importer(815301076,1909f56bfc062723c751e8b465ee728b)  -> (artifact id: '362d969565a68bdda518041a0f112b9e') in 0.007707 seconds
  Import took 0.012560 seconds .

========================================================================
Received Import Request.
  Time since last request: 13914.795922 seconds.
  path: Assets/Scripts/BattleSystem.cs
  artifactKey: Guid(2d07adf48c6e37745a6112cd1d33f37d) Importer(815301076,1909f56bfc062723c751e8b465ee728b)
Start importing Assets/Scripts/BattleSystem.cs using Guid(2d07adf48c6e37745a6112cd1d33f37d) Importer(815301076,1909f56bfc062723c751e8b465ee728b)  -> (artifact id: '256c935282e8a46fdbfa9e2bace49656') in 0.011243 seconds
  Import took 0.073642 seconds .

========================================================================
Received Prepare
Registering precompiled user dll's ...
Registered in 0.005955 seconds.
Begin MonoManager ReloadAssembly
Native extension for WindowsStandalone target not found
Refreshing native plugins compatible for Editor in 0.60 ms, found 3 plugins.
Preloading 0 native plugins for Editor in 0.00 ms.
Mono: successfully reloaded assembly
- Completed reload, in  1.330 seconds
Platform modules already initialized, skipping
Refreshing native plugins compatible for Editor in 0.70 ms, found 3 plugins.
Preloading 0 native plugins for Editor in 0.00 ms.
Unloading 2112 Unused Serialized files (Serialized files now loaded: 0)
System memory in use before: 94.7 MB.
System memory in use after: 94.7 MB.

Unloading 21 unused Assets to reduce memory usage. Loaded Objects now: 2569.
Total: 3.355300 ms (FindLiveObjects: 0.243800 ms CreateObjectMapping: 0.058600 ms MarkObjects: 2.823700 ms  DeleteObjects: 0.227700 ms)

========================================================================
Received Import Request.
  Time since last request: 7.799464 seconds.
  path: Assets/Scripts/BattleSystem.cs
  artifactKey: Guid(2d07adf48c6e37745a6112cd1d33f37d) Importer(815301076,1909f56bfc062723c751e8b465ee728b)
Start importing Assets/Scripts/BattleSystem.cs using Guid(2d07adf48c6e37745a6112cd1d33f37d) Importer(815301076,1909f56bfc062723c751e8b465ee728b)  -> (artifact id: 'f0fdfcdbd1ac877bb22398ffd1e44292') in 0.007372 seconds
  Import took 0.011270 seconds .

========================================================================
Received Prepare
Registering precompiled user dll's ...
Registered in 0.005729 seconds.
Begin MonoManager ReloadAssembly
Native extension for WindowsStandalone target not found
Refreshing native plugins compatible for Editor in 0.55 ms, found 3 plugins.
Preloading 0 native plugins for Editor in 0.00 ms.
Mono: successfully reloaded assembly
- Completed reload, in  1.201 seconds
Platform modules already initialized, skipping
Refreshing native plugins compatible for Editor in 0.59 ms, found 3 plugins.
Preloading 0 native plugins for Editor in 0.00 ms.
Unloading 2112 Unused Serialized files (Serialized files now loaded: 0)
System memory in use before: 94.8 MB.
System memory in use after: 94.7 MB.

Unloading 21 unused Assets to reduce memory usage. Loaded Objects now: 2573.
Total: 3.827300 ms (FindLiveObjects: 0.306900 ms CreateObjectMapping: 0.057800 ms MarkObjects: 3.300700 ms  DeleteObjects: 0.158100 ms)

========================================================================
Received Import Request.
  Time since last request: 4636.438523 seconds.
  path: Assets/Scripts/BattleSystem.cs
  artifactKey: Guid(2d07adf48c6e37745a6112cd1d33f37d) Importer(815301076,1909f56bfc062723c751e8b465ee728b)
Start importing Assets/Scripts/BattleSystem.cs using Guid(2d07adf48c6e37745a6112cd1d33f37d) Importer(815301076,1909f56bfc062723c751e8b465ee728b)  -> (artifact id: '7d7ba27c61873120d4ef8cda7c11e121') in 0.019384 seconds
  Import took 0.029312 seconds .

========================================================================
Received Import Request.
  Time since last request: 4429.510234 seconds.
  path: Assets/Scripts/Unit.cs
  artifactKey: Guid(648e0c13b5c79084ebfcbcc157845c2d) Importer(815301076,1909f56bfc062723c751e8b465ee728b)
Start importing Assets/Scripts/Unit.cs using Guid(648e0c13b5c79084ebfcbcc157845c2d) Importer(815301076,1909f56bfc062723c751e8b465ee728b)  -> (artifact id: 'c10bcb13fd692b2af29de122dfce568b') in 0.009597 seconds
  Import took 0.013652 seconds .

========================================================================
Received Import Request.
  Time since last request: 106.544708 seconds.
  path: Assets/Scripts/Unit.cs
  artifactKey: Guid(648e0c13b5c79084ebfcbcc157845c2d) Importer(815301076,1909f56bfc062723c751e8b465ee728b)
Start importing Assets/Scripts/Unit.cs using Guid(648e0c13b5c79084ebfcbcc157845c2d) Importer(815301076,1909f56bfc062723c751e8b465ee728b)  -> (artifact id: 'e3a5972f129b65b67036f8c36bbdabf7') in 0.003990 seconds
  Import took 0.008031 seconds .

========================================================================
Received Import Request.
  Time since last request: 0.603013 seconds.
  path: Assets/Scripts/BattleSystem.cs
  artifactKey: Guid(2d07adf48c6e37745a6112cd1d33f37d) Importer(815301076,1909f56bfc062723c751e8b465ee728b)
Start importing Assets/Scripts/BattleSystem.cs using Guid(2d07adf48c6e37745a6112cd1d33f37d) Importer(815301076,1909f56bfc062723c751e8b465ee728b)  -> (artifact id: '08555464b53fc08aec425c50b15472ff') in 0.003282 seconds
  Import took 0.006981 seconds .

========================================================================
Received Import Request.
  Time since last request: 0.036727 seconds.
  path: Assets/Scripts/BattleSystem.cs
  artifactKey: Guid(2d07adf48c6e37745a6112cd1d33f37d) Importer(815301076,1909f56bfc062723c751e8b465ee728b)
Start importing Assets/Scripts/BattleSystem.cs using Guid(2d07adf48c6e37745a6112cd1d33f37d) Importer(815301076,1909f56bfc062723c751e8b465ee728b)  -> (artifact id: '08555464b53fc08aec425c50b15472ff') in 0.003435 seconds
  Import took 0.007185 seconds .

========================================================================
Received Import Request.
  Time since last request: 302.381712 seconds.
  path: Assets/Scripts/BattleSystem.cs
  artifactKey: Guid(2d07adf48c6e37745a6112cd1d33f37d) Importer(815301076,1909f56bfc062723c751e8b465ee728b)
Start importing Assets/Scripts/BattleSystem.cs using Guid(2d07adf48c6e37745a6112cd1d33f37d) Importer(815301076,1909f56bfc062723c751e8b465ee728b)  -> (artifact id: 'a8e9c6c6c32a09c14e42589df93e4102') in 0.005150 seconds
  Import took 0.009180 seconds .

========================================================================
Received Import Request.
  Time since last request: 11.844996 seconds.
  path: Assets/Scripts/BattleSystem.cs
  artifactKey: Guid(2d07adf48c6e37745a6112cd1d33f37d) Importer(815301076,1909f56bfc062723c751e8b465ee728b)
Start importing Assets/Scripts/BattleSystem.cs using Guid(2d07adf48c6e37745a6112cd1d33f37d) Importer(815301076,1909f56bfc062723c751e8b465ee728b)  -> (artifact id: 'd0211d6d1da0e710e7dcd12288c19189') in 0.003945 seconds
  Import took 0.008754 seconds .

========================================================================
Received Import Request.
  Time since last request: 68.933507 seconds.
  path: Assets/Scripts/BattleSystem.cs
  artifactKey: Guid(2d07adf48c6e37745a6112cd1d33f37d) Importer(815301076,1909f56bfc062723c751e8b465ee728b)
Start importing Assets/Scripts/BattleSystem.cs using Guid(2d07adf48c6e37745a6112cd1d33f37d) Importer(815301076,1909f56bfc062723c751e8b465ee728b)  -> (artifact id: '8beabb0441d28601abfa9d4868382f70') in 0.003539 seconds
  Import took 0.007334 seconds .

========================================================================
Received Import Request.
  Time since last request: 23.416537 seconds.
  path: Assets/Scripts/BattleSystem.cs
  artifactKey: Guid(2d07adf48c6e37745a6112cd1d33f37d) Importer(815301076,1909f56bfc062723c751e8b465ee728b)
Start importing Assets/Scripts/BattleSystem.cs using Guid(2d07adf48c6e37745a6112cd1d33f37d) Importer(815301076,1909f56bfc062723c751e8b465ee728b)  -> (artifact id: '681f2cab72840dbac12b2cf3b66c7f67') in 0.003824 seconds
  Import took 0.008083 seconds .

========================================================================
Received Prepare
Registering precompiled user dll's ...
Registered in 0.008225 seconds.
Begin MonoManager ReloadAssembly
Native extension for WindowsStandalone target not found
Refreshing native plugins compatible for Editor in 0.99 ms, found 3 plugins.
Preloading 0 native plugins for Editor in 0.00 ms.
Mono: successfully reloaded assembly
- Completed reload, in  1.310 seconds
Platform modules already initialized, skipping
Refreshing native plugins compatible for Editor in 0.55 ms, found 3 plugins.
Preloading 0 native plugins for Editor in 0.00 ms.
Unloading 2113 Unused Serialized files (Serialized files now loaded: 0)
System memory in use before: 94.8 MB.
System memory in use after: 94.8 MB.

Unloading 21 unused Assets to reduce memory usage. Loaded Objects now: 2578.
Total: 2.692600 ms (FindLiveObjects: 0.243600 ms CreateObjectMapping: 0.057300 ms MarkObjects: 2.218600 ms  DeleteObjects: 0.171800 ms)

========================================================================
Received Import Request.
  Time since last request: 721.297369 seconds.
  path: Assets/Scripts/BattleSystem.cs
  artifactKey: Guid(2d07adf48c6e37745a6112cd1d33f37d) Importer(815301076,1909f56bfc062723c751e8b465ee728b)
Start importing Assets/Scripts/BattleSystem.cs using Guid(2d07adf48c6e37745a6112cd1d33f37d) Importer(815301076,1909f56bfc062723c751e8b465ee728b)  -> (artifact id: 'e7c524a9c130830bee8c268a2d5a40d3') in 0.006741 seconds
  Import took 0.010401 seconds .

========================================================================
Received Prepare
Registering precompiled user dll's ...
Registered in 0.005600 seconds.
Begin MonoManager ReloadAssembly
Native extension for WindowsStandalone target not found
Refreshing native plugins compatible for Editor in 0.54 ms, found 3 plugins.
Preloading 0 native plugins for Editor in 0.00 ms.
Mono: successfully reloaded assembly
- Completed reload, in  1.172 seconds
Platform modules already initialized, skipping
Refreshing native plugins compatible for Editor in 0.56 ms, found 3 plugins.
Preloading 0 native plugins for Editor in 0.00 ms.
Unloading 2113 Unused Serialized files (Serialized files now loaded: 0)
System memory in use before: 94.8 MB.
System memory in use after: 94.8 MB.

Unloading 21 unused Assets to reduce memory usage. Loaded Objects now: 2582.
Total: 2.636600 ms (FindLiveObjects: 0.279600 ms CreateObjectMapping: 0.058400 ms MarkObjects: 2.160000 ms  DeleteObjects: 0.137700 ms)

========================================================================
Received Prepare
Registering precompiled user dll's ...
Registered in 0.005619 seconds.
Begin MonoManager ReloadAssembly
Native extension for WindowsStandalone target not found
Refreshing native plugins compatible for Editor in 0.63 ms, found 3 plugins.
Preloading 0 native plugins for Editor in 0.00 ms.
Mono: successfully reloaded assembly
- Completed reload, in  1.173 seconds
Platform modules already initialized, skipping
Refreshing native plugins compatible for Editor in 0.57 ms, found 3 plugins.
Preloading 0 native plugins for Editor in 0.00 ms.
Unloading 2113 Unused Serialized files (Serialized files now loaded: 0)
System memory in use before: 94.8 MB.
System memory in use after: 94.8 MB.

Unloading 21 unused Assets to reduce memory usage. Loaded Objects now: 2586.
Total: 2.531000 ms (FindLiveObjects: 0.228400 ms CreateObjectMapping: 0.058900 ms MarkObjects: 2.112100 ms  DeleteObjects: 0.130500 ms)

========================================================================
Received Prepare
Registering precompiled user dll's ...
Registered in 0.005634 seconds.
Begin MonoManager ReloadAssembly
Native extension for WindowsStandalone target not found
Refreshing native plugins compatible for Editor in 0.55 ms, found 3 plugins.
Preloading 0 native plugins for Editor in 0.00 ms.
Mono: successfully reloaded assembly
- Completed reload, in  1.157 seconds
Platform modules already initialized, skipping
Refreshing native plugins compatible for Editor in 0.58 ms, found 3 plugins.
Preloading 0 native plugins for Editor in 0.00 ms.
Unloading 2113 Unused Serialized files (Serialized files now loaded: 0)
System memory in use before: 94.9 MB.
System memory in use after: 94.8 MB.

Unloading 21 unused Assets to reduce memory usage. Loaded Objects now: 2590.
Total: 2.700900 ms (FindLiveObjects: 0.241500 ms CreateObjectMapping: 0.056500 ms MarkObjects: 2.116000 ms  DeleteObjects: 0.285500 ms)

========================================================================
Received Prepare
Registering precompiled user dll's ...
Registered in 0.005567 seconds.
Begin MonoManager ReloadAssembly
Native extension for WindowsStandalone target not found
Refreshing native plugins compatible for Editor in 0.54 ms, found 3 plugins.
Preloading 0 native plugins for Editor in 0.00 ms.
Mono: successfully reloaded assembly
- Completed reload, in  1.163 seconds
Platform modules already initialized, skipping
Refreshing native plugins compatible for Editor in 0.56 ms, found 3 plugins.
Preloading 0 native plugins for Editor in 0.00 ms.
Unloading 2113 Unused Serialized files (Serialized files now loaded: 0)
System memory in use before: 94.9 MB.
System memory in use after: 94.8 MB.

Unloading 21 unused Assets to reduce memory usage. Loaded Objects now: 2594.
Total: 2.616200 ms (FindLiveObjects: 0.254000 ms CreateObjectMapping: 0.060400 ms MarkObjects: 2.169300 ms  DeleteObjects: 0.131300 ms)

========================================================================
Received Import Request.
  Time since last request: 905.645637 seconds.
  path: Assets/Prefabs/Player.prefab
  artifactKey: Guid(7c36c611ca93975488793e7b473e48cc) Importer(815301076,1909f56bfc062723c751e8b465ee728b)
Start importing Assets/Prefabs/Player.prefab using Guid(7c36c611ca93975488793e7b473e48cc) Importer(815301076,1909f56bfc062723c751e8b465ee728b)  -> (artifact id: '9a6edc930cbffec611a2b9512a55605b') in 0.054921 seconds
  Import took 0.058730 seconds .

========================================================================
Received Import Request.
  Time since last request: 0.000257 seconds.
  path: Assets/Prefabs/Zombie.prefab
  artifactKey: Guid(7eeecbcc5aeffdc4c863ba2fca293ad7) Importer(815301076,1909f56bfc062723c751e8b465ee728b)
Start importing Assets/Prefabs/Zombie.prefab using Guid(7eeecbcc5aeffdc4c863ba2fca293ad7) Importer(815301076,1909f56bfc062723c751e8b465ee728b)  -> (artifact id: '543e8ef9c6380759416ef898f6f8d555') in 0.079466 seconds
  Import took 0.083239 seconds .

========================================================================
Received Prepare
Registering precompiled user dll's ...
Registered in 0.005814 seconds.
Begin MonoManager ReloadAssembly
Native extension for WindowsStandalone target not found
Refreshing native plugins compatible for Editor in 0.55 ms, found 3 plugins.
Preloading 0 native plugins for Editor in 0.00 ms.
Mono: successfully reloaded assembly
- Completed reload, in  1.164 seconds
Platform modules already initialized, skipping
Refreshing native plugins compatible for Editor in 0.55 ms, found 3 plugins.
Preloading 0 native plugins for Editor in 0.00 ms.
Unloading 2113 Unused Serialized files (Serialized files now loaded: 0)
System memory in use before: 97.8 MB.
System memory in use after: 97.8 MB.

Unloading 21 unused Assets to reduce memory usage. Loaded Objects now: 2605.
Total: 2.743000 ms (FindLiveObjects: 0.247600 ms CreateObjectMapping: 0.056500 ms MarkObjects: 2.239800 ms  DeleteObjects: 0.197800 ms)

========================================================================
Received Prepare
Registering precompiled user dll's ...
Registered in 0.005609 seconds.
Begin MonoManager ReloadAssembly
Native extension for WindowsStandalone target not found
Refreshing native plugins compatible for Editor in 0.55 ms, found 3 plugins.
Preloading 0 native plugins for Editor in 0.00 ms.
Mono: successfully reloaded assembly
- Completed reload, in  1.151 seconds
Platform modules already initialized, skipping
Refreshing native plugins compatible for Editor in 0.54 ms, found 3 plugins.
Preloading 0 native plugins for Editor in 0.00 ms.
Unloading 2113 Unused Serialized files (Serialized files now loaded: 0)
System memory in use before: 97.8 MB.
System memory in use after: 97.8 MB.

Unloading 21 unused Assets to reduce memory usage. Loaded Objects now: 2609.
Total: 2.721500 ms (FindLiveObjects: 0.242600 ms CreateObjectMapping: 0.055500 ms MarkObjects: 2.283000 ms  DeleteObjects: 0.139500 ms)

========================================================================
Received Prepare
Registering precompiled user dll's ...
Registered in 0.005677 seconds.
Begin MonoManager ReloadAssembly
Native extension for WindowsStandalone target not found
Refreshing native plugins compatible for Editor in 0.55 ms, found 3 plugins.
Preloading 0 native plugins for Editor in 0.00 ms.
Mono: successfully reloaded assembly
- Completed reload, in  1.163 seconds
Platform modules already initialized, skipping
Refreshing native plugins compatible for Editor in 0.54 ms, found 3 plugins.
Preloading 0 native plugins for Editor in 0.00 ms.
Unloading 2113 Unused Serialized files (Serialized files now loaded: 0)
System memory in use before: 97.9 MB.
System memory in use after: 97.8 MB.

Unloading 21 unused Assets to reduce memory usage. Loaded Objects now: 2613.
Total: 3.499800 ms (FindLiveObjects: 0.366100 ms CreateObjectMapping: 0.068000 ms MarkObjects: 2.878000 ms  DeleteObjects: 0.185800 ms)

========================================================================
Received Prepare
Registering precompiled user dll's ...
Registered in 0.005760 seconds.
Begin MonoManager ReloadAssembly
Native extension for WindowsStandalone target not found
Refreshing native plugins compatible for Editor in 0.55 ms, found 3 plugins.
Preloading 0 native plugins for Editor in 0.00 ms.
Mono: successfully reloaded assembly
- Completed reload, in  1.192 seconds
Platform modules already initialized, skipping
Refreshing native plugins compatible for Editor in 0.63 ms, found 3 plugins.
Preloading 0 native plugins for Editor in 0.00 ms.
Unloading 2113 Unused Serialized files (Serialized files now loaded: 0)
System memory in use before: 97.9 MB.
System memory in use after: 97.8 MB.

Unloading 21 unused Assets to reduce memory usage. Loaded Objects now: 2617.
Total: 2.803000 ms (FindLiveObjects: 0.252500 ms CreateObjectMapping: 0.060400 ms MarkObjects: 2.341300 ms  DeleteObjects: 0.147100 ms)

========================================================================
Received Prepare
Registering precompiled user dll's ...
Registered in 0.005621 seconds.
Begin MonoManager ReloadAssembly
Native extension for WindowsStandalone target not found
Refreshing native plugins compatible for Editor in 0.71 ms, found 3 plugins.
Preloading 0 native plugins for Editor in 0.00 ms.
Mono: successfully reloaded assembly
- Completed reload, in  1.181 seconds
Platform modules already initialized, skipping
Refreshing native plugins compatible for Editor in 0.71 ms, found 3 plugins.
Preloading 0 native plugins for Editor in 0.00 ms.
Unloading 2113 Unused Serialized files (Serialized files now loaded: 0)
System memory in use before: 97.9 MB.
System memory in use after: 97.8 MB.

Unloading 21 unused Assets to reduce memory usage. Loaded Objects now: 2621.
Total: 3.011900 ms (FindLiveObjects: 0.273200 ms CreateObjectMapping: 0.058200 ms MarkObjects: 2.506800 ms  DeleteObjects: 0.171700 ms)

========================================================================
Received Prepare
Registering precompiled user dll's ...
Registered in 0.005634 seconds.
Begin MonoManager ReloadAssembly
Native extension for WindowsStandalone target not found
Refreshing native plugins compatible for Editor in 0.54 ms, found 3 plugins.
Preloading 0 native plugins for Editor in 0.00 ms.
Mono: successfully reloaded assembly
- Completed reload, in  1.203 seconds
Platform modules already initialized, skipping
Refreshing native plugins compatible for Editor in 0.89 ms, found 3 plugins.
Preloading 0 native plugins for Editor in 0.00 ms.
Unloading 2113 Unused Serialized files (Serialized files now loaded: 0)
System memory in use before: 97.9 MB.
System memory in use after: 97.9 MB.

Unloading 21 unused Assets to reduce memory usage. Loaded Objects now: 2625.
Total: 3.994900 ms (FindLiveObjects: 0.396700 ms CreateObjectMapping: 0.075600 ms MarkObjects: 3.305100 ms  DeleteObjects: 0.215000 ms)

========================================================================
Received Prepare
Registering precompiled user dll's ...
Registered in 0.005638 seconds.
Begin MonoManager ReloadAssembly
Native extension for WindowsStandalone target not found
Refreshing native plugins compatible for Editor in 0.55 ms, found 3 plugins.
Preloading 0 native plugins for Editor in 0.00 ms.
Mono: successfully reloaded assembly
- Completed reload, in  1.195 seconds
Platform modules already initialized, skipping
Refreshing native plugins compatible for Editor in 0.55 ms, found 3 plugins.
Preloading 0 native plugins for Editor in 0.00 ms.
Unloading 2113 Unused Serialized files (Serialized files now loaded: 0)
System memory in use before: 97.9 MB.
System memory in use after: 97.9 MB.

Unloading 21 unused Assets to reduce memory usage. Loaded Objects now: 2629.
Total: 3.657800 ms (FindLiveObjects: 0.438900 ms CreateObjectMapping: 0.067400 ms MarkObjects: 2.982500 ms  DeleteObjects: 0.165700 ms)

========================================================================
Received Prepare
Registering precompiled user dll's ...
Registered in 0.005594 seconds.
Begin MonoManager ReloadAssembly
Native extension for WindowsStandalone target not found
Refreshing native plugins compatible for Editor in 0.60 ms, found 3 plugins.
Preloading 0 native plugins for Editor in 0.00 ms.
Mono: successfully reloaded assembly
- Completed reload, in  1.174 seconds
Platform modules already initialized, skipping
Refreshing native plugins compatible for Editor in 0.80 ms, found 3 plugins.
Preloading 0 native plugins for Editor in 0.00 ms.
Unloading 2113 Unused Serialized files (Serialized files now loaded: 0)
System memory in use before: 97.9 MB.
System memory in use after: 97.9 MB.

Unloading 21 unused Assets to reduce memory usage. Loaded Objects now: 2633.
Total: 2.592900 ms (FindLiveObjects: 0.239100 ms CreateObjectMapping: 0.058500 ms MarkObjects: 2.155800 ms  DeleteObjects: 0.138300 ms)

========================================================================
Received Prepare
Registering precompiled user dll's ...
Registered in 0.005587 seconds.
Begin MonoManager ReloadAssembly
Native extension for WindowsStandalone target not found
Refreshing native plugins compatible for Editor in 0.54 ms, found 3 plugins.
Preloading 0 native plugins for Editor in 0.00 ms.
Mono: successfully reloaded assembly
- Completed reload, in  1.159 seconds
Platform modules already initialized, skipping
Refreshing native plugins compatible for Editor in 0.81 ms, found 3 plugins.
Preloading 0 native plugins for Editor in 0.00 ms.
Unloading 2113 Unused Serialized files (Serialized files now loaded: 0)
System memory in use before: 97.9 MB.
System memory in use after: 97.9 MB.

Unloading 21 unused Assets to reduce memory usage. Loaded Objects now: 2637.
Total: 2.827900 ms (FindLiveObjects: 0.302900 ms CreateObjectMapping: 0.060000 ms MarkObjects: 2.311400 ms  DeleteObjects: 0.152200 ms)

AssetImportWorkerClient::OnTransportError - code=2 error=End of file
