Using pre-set license
Built from '2020.3/staging' branch; Version is '2020.3.11f1 (99c7afb366b3) revision 10078127'; Using compiler version '192528614'; Build Type 'Release'
OS: 'Windows 10 Pro; OS build 19042.985; Version 2009; 64bit' Language: 'en' Physical Memory: 32681 MB
BatchMode: 1, IsHumanControllingUs: 0, StartBugReporterOnCrash: 0, Is64bit: 1, IsPro: 0

 COMMAND LINE ARGUMENTS:
C:\Program Files\Unity\Hub\Editor\2020.3.11f1\Editor\Unity.exe
-adb2
-batchMode
-noUpm
-name
AssetImportWorker0
-projectPath
C:/Users/user/Documents/DewberryFreeTimeGameProject/DewberryFreeTimeGameProject
-logFile
Logs/AssetImportWorker0.log
-srvPort
60160
Successfully changed project path to: C:/Users/user/Documents/DewberryFreeTimeGameProject/DewberryFreeTimeGameProject
C:/Users/user/Documents/DewberryFreeTimeGameProject/DewberryFreeTimeGameProject
Using Asset Import Pipeline V2.
Refreshing native plugins compatible for Editor in 34.55 ms, found 3 plugins.
Preloading 0 native plugins for Editor in 0.00 ms.
Initialize engine version: 2020.3.11f1 (99c7afb366b3)
[Subsystems] Discovering subsystems at path C:/Program Files/Unity/Hub/Editor/2020.3.11f1/Editor/Data/Resources/UnitySubsystems
[Subsystems] Discovering subsystems at path C:/Users/user/Documents/DewberryFreeTimeGameProject/DewberryFreeTimeGameProject/Assets
GfxDevice: creating device client; threaded=0
Direct3D:
    Version:  Direct3D 11.0 [level 11.1]
    Renderer: NVIDIA GeForce RTX 3070 (ID=0x2484)
    Vendor:   
    VRAM:     8043 MB
    Driver:   27.21.14.5751
Initialize mono
Mono path[0] = 'C:/Program Files/Unity/Hub/Editor/2020.3.11f1/Editor/Data/Managed'
Mono path[1] = 'C:/Program Files/Unity/Hub/Editor/2020.3.11f1/Editor/Data/MonoBleedingEdge/lib/mono/unityjit'
Mono config path = 'C:/Program Files/Unity/Hub/Editor/2020.3.11f1/Editor/Data/MonoBleedingEdge/etc'
Using monoOptions --debugger-agent=transport=dt_socket,embedding=1,server=y,suspend=n,address=127.0.0.1:56208
Begin MonoManager ReloadAssembly
Registering precompiled unity dll's ...
Register platform support module: C:/Program Files/Unity/Hub/Editor/2020.3.11f1/Editor/Data/PlaybackEngines/WindowsStandaloneSupport/UnityEditor.WindowsStandalone.Extensions.dll
Registered in 0.001307 seconds.
Native extension for WindowsStandalone target not found
Refreshing native plugins compatible for Editor in 32.74 ms, found 3 plugins.
Preloading 0 native plugins for Editor in 0.00 ms.
Mono: successfully reloaded assembly
- Completed reload, in  0.910 seconds
Platform modules already initialized, skipping
Registering precompiled user dll's ...
Registered in 0.002868 seconds.
Begin MonoManager ReloadAssembly
Native extension for WindowsStandalone target not found
Refreshing native plugins compatible for Editor in 33.03 ms, found 3 plugins.
Preloading 0 native plugins for Editor in 0.00 ms.
Mono: successfully reloaded assembly
- Completed reload, in  0.933 seconds
Platform modules already initialized, skipping
========================================================================
Worker process is ready to serve import requests
Launched and connected shader compiler UnityShaderCompiler.exe after 0.03 seconds
Refreshing native plugins compatible for Editor in 0.39 ms, found 3 plugins.
Preloading 0 native plugins for Editor in 0.00 ms.
Unloading 2127 Unused Serialized files (Serialized files now loaded: 0)
System memory in use before: 96.6 MB.
System memory in use after: 96.5 MB.

Unloading 33 unused Assets to reduce memory usage. Loaded Objects now: 2561.
Total: 2.063000 ms (FindLiveObjects: 0.185000 ms CreateObjectMapping: 0.083800 ms MarkObjects: 1.673600 ms  DeleteObjects: 0.119800 ms)

========================================================================
Received Import Request.
  path: Assets/TextMesh Pro/Resources/Fonts & Materials/LiberationSans SDF - Outline.mat
  artifactKey: Guid(79459efec17a4d00a321bdcc27bbc385) Importer(815301076,1909f56bfc062723c751e8b465ee728b)
Start importing Assets/TextMesh Pro/Resources/Fonts & Materials/LiberationSans SDF - Outline.mat using Guid(79459efec17a4d00a321bdcc27bbc385) Importer(815301076,1909f56bfc062723c751e8b465ee728b)  -> (artifact id: '289988fcecf3b00d1602f8d2b589f7dd') in 0.146546 seconds
  Import took 0.149313 seconds .

========================================================================
Received Import Request.
  Time since last request: 0.000131 seconds.
  path: Assets/TextMesh Pro/Resources/Fonts & Materials/LiberationSans SDF - Fallback.asset
  artifactKey: Guid(2e498d1c8094910479dc3e1b768306a4) Importer(815301076,1909f56bfc062723c751e8b465ee728b)
Start importing Assets/TextMesh Pro/Resources/Fonts & Materials/LiberationSans SDF - Fallback.asset using Guid(2e498d1c8094910479dc3e1b768306a4) Importer(815301076,1909f56bfc062723c751e8b465ee728b)  -> (artifact id: 'b8c2210586957436df79bf961aeff06e') in 0.030082 seconds
  Import took 0.032876 seconds .

========================================================================
Received Import Request.
  Time since last request: 0.000133 seconds.
  path: Assets/TextMesh Pro/Resources/Fonts & Materials/LiberationSans SDF - Outline.mat
  artifactKey: Guid(79459efec17a4d00a321bdcc27bbc385) Importer(815301076,1909f56bfc062723c751e8b465ee728b)
Start importing Assets/TextMesh Pro/Resources/Fonts & Materials/LiberationSans SDF - Outline.mat using Guid(79459efec17a4d00a321bdcc27bbc385) Importer(815301076,1909f56bfc062723c751e8b465ee728b)  -> (artifact id: '289988fcecf3b00d1602f8d2b589f7dd') in 0.019592 seconds
  Import took 0.022249 seconds .

========================================================================
Received Import Request.
  Time since last request: 0.000128 seconds.
  path: Assets/TextMesh Pro/Resources/Fonts & Materials/LiberationSans SDF - Drop Shadow.mat
  artifactKey: Guid(e73a58f6e2794ae7b1b7e50b7fb811b0) Importer(815301076,1909f56bfc062723c751e8b465ee728b)
Start importing Assets/TextMesh Pro/Resources/Fonts & Materials/LiberationSans SDF - Drop Shadow.mat using Guid(e73a58f6e2794ae7b1b7e50b7fb811b0) Importer(815301076,1909f56bfc062723c751e8b465ee728b)  -> (artifact id: 'ca0d2861f60500f05bd29199894f7bb5') in 0.057691 seconds
  Import took 0.060359 seconds .

========================================================================
Received Import Request.
  Time since last request: 0.000112 seconds.
  path: Assets/TextMesh Pro/Resources/Fonts & Materials/LiberationSans SDF.asset
  artifactKey: Guid(8f586378b4e144a9851e7b34d9b748ee) Importer(815301076,1909f56bfc062723c751e8b465ee728b)
Start importing Assets/TextMesh Pro/Resources/Fonts & Materials/LiberationSans SDF.asset using Guid(8f586378b4e144a9851e7b34d9b748ee) Importer(815301076,1909f56bfc062723c751e8b465ee728b)  -> (artifact id: 'f1280cc7be10b532b2897fc8654f95d3') in 0.027866 seconds
  Import took 0.030693 seconds .

========================================================================
Received Import Request.
  Time since last request: 0.000121 seconds.
  path: Assets/TextMesh Pro/Resources/Fonts & Materials/LiberationSans SDF - Drop Shadow.mat
  artifactKey: Guid(e73a58f6e2794ae7b1b7e50b7fb811b0) Importer(815301076,1909f56bfc062723c751e8b465ee728b)
Start importing Assets/TextMesh Pro/Resources/Fonts & Materials/LiberationSans SDF - Drop Shadow.mat using Guid(e73a58f6e2794ae7b1b7e50b7fb811b0) Importer(815301076,1909f56bfc062723c751e8b465ee728b)  -> (artifact id: 'ca0d2861f60500f05bd29199894f7bb5') in 0.019861 seconds
  Import took 0.022581 seconds .

========================================================================
Received Prepare
Registering precompiled user dll's ...
Registered in 0.002742 seconds.
Begin MonoManager ReloadAssembly
Native extension for WindowsStandalone target not found
Refreshing native plugins compatible for Editor in 0.40 ms, found 3 plugins.
Preloading 0 native plugins for Editor in 0.00 ms.
Mono: successfully reloaded assembly
- Completed reload, in  0.811 seconds
Platform modules already initialized, skipping
Refreshing native plugins compatible for Editor in 0.41 ms, found 3 plugins.
Preloading 0 native plugins for Editor in 0.00 ms.
Unloading 2109 Unused Serialized files (Serialized files now loaded: 0)
System memory in use before: 98.5 MB.
System memory in use after: 98.5 MB.

Unloading 21 unused Assets to reduce memory usage. Loaded Objects now: 2608.
Total: 1.967700 ms (FindLiveObjects: 0.176800 ms CreateObjectMapping: 0.071000 ms MarkObjects: 1.630300 ms  DeleteObjects: 0.088900 ms)

========================================================================
Received Import Request.
  Time since last request: 869.158269 seconds.
  path: Assets/TextMesh Pro/Examples & Extras/Textures/Brushed Metal 3.jpg
  artifactKey: Guid(f88677df267a41d6be1e7a6133e7d227) Importer(815301076,1909f56bfc062723c751e8b465ee728b)
Start importing Assets/TextMesh Pro/Examples & Extras/Textures/Brushed Metal 3.jpg using Guid(f88677df267a41d6be1e7a6133e7d227) Importer(815301076,1909f56bfc062723c751e8b465ee728b)  -> (artifact id: '4840aca3da85459ad29731c942d57661') in 0.054582 seconds
  Import took 0.057307 seconds .

========================================================================
Received Import Request.
  Time since last request: 0.000158 seconds.
  path: Assets/TextMesh Pro/Examples & Extras/Textures/Floor Cement.jpg
  artifactKey: Guid(283f897e4925411ebbaa758b4cb13fc2) Importer(815301076,1909f56bfc062723c751e8b465ee728b)
Start importing Assets/TextMesh Pro/Examples & Extras/Textures/Floor Cement.jpg using Guid(283f897e4925411ebbaa758b4cb13fc2) Importer(815301076,1909f56bfc062723c751e8b465ee728b)  -> (artifact id: '70f05136bc122160115891ab6f9ed828') in 0.007958 seconds
  Import took 0.010591 seconds .

========================================================================
Received Import Request.
  Time since last request: 0.001423 seconds.
  path: Assets/TextMesh Pro/Examples & Extras/Textures/Floor Cement.jpg
  artifactKey: Guid(283f897e4925411ebbaa758b4cb13fc2) Importer(815301076,1909f56bfc062723c751e8b465ee728b)
Start importing Assets/TextMesh Pro/Examples & Extras/Textures/Floor Cement.jpg using Guid(283f897e4925411ebbaa758b4cb13fc2) Importer(815301076,1909f56bfc062723c751e8b465ee728b)  -> (artifact id: '70f05136bc122160115891ab6f9ed828') in 0.008742 seconds
  Import took 0.011445 seconds .

========================================================================
Received Prepare
Registering precompiled user dll's ...
Registered in 0.002740 seconds.
Begin MonoManager ReloadAssembly
Native extension for WindowsStandalone target not found
Refreshing native plugins compatible for Editor in 0.40 ms, found 3 plugins.
Preloading 0 native plugins for Editor in 0.00 ms.
Mono: successfully reloaded assembly
- Completed reload, in  0.823 seconds
Platform modules already initialized, skipping
Refreshing native plugins compatible for Editor in 0.49 ms, found 3 plugins.
Preloading 0 native plugins for Editor in 0.00 ms.
Unloading 2109 Unused Serialized files (Serialized files now loaded: 0)
System memory in use before: 98.6 MB.
System memory in use after: 98.6 MB.

Unloading 21 unused Assets to reduce memory usage. Loaded Objects now: 2614.
Total: 1.949200 ms (FindLiveObjects: 0.211800 ms CreateObjectMapping: 0.081200 ms MarkObjects: 1.564800 ms  DeleteObjects: 0.090500 ms)

========================================================================
Received Prepare
Registering precompiled user dll's ...
Registered in 0.002759 seconds.
Begin MonoManager ReloadAssembly
Native extension for WindowsStandalone target not found
Refreshing native plugins compatible for Editor in 0.48 ms, found 3 plugins.
Preloading 0 native plugins for Editor in 0.00 ms.
Mono: successfully reloaded assembly
- Completed reload, in  0.824 seconds
Platform modules already initialized, skipping
Refreshing native plugins compatible for Editor in 0.41 ms, found 3 plugins.
Preloading 0 native plugins for Editor in 0.00 ms.
Unloading 2109 Unused Serialized files (Serialized files now loaded: 0)
System memory in use before: 98.6 MB.
System memory in use after: 98.6 MB.

Unloading 21 unused Assets to reduce memory usage. Loaded Objects now: 2618.
Total: 1.981500 ms (FindLiveObjects: 0.225700 ms CreateObjectMapping: 0.083000 ms MarkObjects: 1.582200 ms  DeleteObjects: 0.089800 ms)

========================================================================
Received Import Request.
  Time since last request: 1282.364798 seconds.
  path: Assets
  artifactKey: Guid(00000000000000001000000000000000) Importer(815301076,1909f56bfc062723c751e8b465ee728b)
Start importing Assets using Guid(00000000000000001000000000000000) Importer(815301076,1909f56bfc062723c751e8b465ee728b)  -> (artifact id: '42d402b061de3733987d63b9cc3b64de') in 0.009071 seconds
  Import took 0.012404 seconds .

========================================================================
Received Import Request.
  Time since last request: 3.458849 seconds.
  path: Assets/Icons
  artifactKey: Guid(adb40535e91410f43afacf4c7cc486ea) Importer(815301076,1909f56bfc062723c751e8b465ee728b)
Start importing Assets/Icons using Guid(adb40535e91410f43afacf4c7cc486ea) Importer(815301076,1909f56bfc062723c751e8b465ee728b)  -> (artifact id: '5ba4fed1a331355c7e258f4a4597c266') in 0.004990 seconds
  Import took 0.007954 seconds .

========================================================================
Received Import Request.
  Time since last request: 3.273531 seconds.
  path: Assets/Icons/shambling-zombie.png
  artifactKey: Guid(b6af7804fd3ca7d4394db41f8b496d89) Importer(815301076,1909f56bfc062723c751e8b465ee728b)
Start importing Assets/Icons/shambling-zombie.png using Guid(b6af7804fd3ca7d4394db41f8b496d89) Importer(815301076,1909f56bfc062723c751e8b465ee728b)  -> (artifact id: '16d03a769eb0b85169bbf5959f4cc90e') in 0.041381 seconds
  Import took 0.044279 seconds .

========================================================================
Received Prepare
Registering precompiled user dll's ...
Registered in 0.002925 seconds.
Begin MonoManager ReloadAssembly
Native extension for WindowsStandalone target not found
Refreshing native plugins compatible for Editor in 0.41 ms, found 3 plugins.
Preloading 0 native plugins for Editor in 0.00 ms.
Mono: successfully reloaded assembly
- Completed reload, in  0.836 seconds
Platform modules already initialized, skipping
Refreshing native plugins compatible for Editor in 0.39 ms, found 3 plugins.
Preloading 0 native plugins for Editor in 0.00 ms.
Unloading 2110 Unused Serialized files (Serialized files now loaded: 0)
System memory in use before: 98.7 MB.
System memory in use after: 98.7 MB.

Unloading 21 unused Assets to reduce memory usage. Loaded Objects now: 2625.
Total: 2.423100 ms (FindLiveObjects: 0.177600 ms CreateObjectMapping: 0.069800 ms MarkObjects: 2.042400 ms  DeleteObjects: 0.131300 ms)

========================================================================
Received Prepare
Registering precompiled user dll's ...
Registered in 0.002777 seconds.
Begin MonoManager ReloadAssembly
Native extension for WindowsStandalone target not found
Refreshing native plugins compatible for Editor in 0.41 ms, found 3 plugins.
Preloading 0 native plugins for Editor in 0.00 ms.
Mono: successfully reloaded assembly
- Completed reload, in  0.822 seconds
Platform modules already initialized, skipping
Refreshing native plugins compatible for Editor in 0.39 ms, found 3 plugins.
Preloading 0 native plugins for Editor in 0.00 ms.
Unloading 2110 Unused Serialized files (Serialized files now loaded: 0)
System memory in use before: 98.7 MB.
System memory in use after: 98.7 MB.

Unloading 21 unused Assets to reduce memory usage. Loaded Objects now: 2629.
Total: 1.809000 ms (FindLiveObjects: 0.183900 ms CreateObjectMapping: 0.067100 ms MarkObjects: 1.470600 ms  DeleteObjects: 0.086600 ms)

========================================================================
Received Import Request.
  Time since last request: 834.750158 seconds.
  path: Assets/Scripts
  artifactKey: Guid(5fa787c35ab2f2842bfd722c7537e39d) Importer(815301076,1909f56bfc062723c751e8b465ee728b)
Start importing Assets/Scripts using Guid(5fa787c35ab2f2842bfd722c7537e39d) Importer(815301076,1909f56bfc062723c751e8b465ee728b)  -> (artifact id: '6517004b2b6af2f9db7913f3edbf6eca') in 0.007771 seconds
  Import took 0.010603 seconds .

========================================================================
Received Prepare
Registering precompiled user dll's ...
Registered in 0.002697 seconds.
Begin MonoManager ReloadAssembly
Native extension for WindowsStandalone target not found
Refreshing native plugins compatible for Editor in 0.41 ms, found 3 plugins.
Preloading 0 native plugins for Editor in 0.00 ms.
Mono: successfully reloaded assembly
- Completed reload, in  0.837 seconds
Platform modules already initialized, skipping
Refreshing native plugins compatible for Editor in 0.39 ms, found 3 plugins.
Preloading 0 native plugins for Editor in 0.00 ms.
Unloading 2110 Unused Serialized files (Serialized files now loaded: 0)
System memory in use before: 98.7 MB.
System memory in use after: 98.7 MB.

Unloading 21 unused Assets to reduce memory usage. Loaded Objects now: 2633.
Total: 2.008300 ms (FindLiveObjects: 0.184600 ms CreateObjectMapping: 0.069300 ms MarkObjects: 1.667600 ms  DeleteObjects: 0.086200 ms)

========================================================================
Received Import Request.
  Time since last request: 71.324799 seconds.
  path: Assets/Prefabs
  artifactKey: Guid(13de36fd8523e784590b8ba3497f0184) Importer(815301076,1909f56bfc062723c751e8b465ee728b)
Start importing Assets/Prefabs using Guid(13de36fd8523e784590b8ba3497f0184) Importer(815301076,1909f56bfc062723c751e8b465ee728b)  -> (artifact id: 'e5bdedf8e64de0b082d0accc55d67edd') in 0.007742 seconds
  Import took 0.010610 seconds .

========================================================================
Received Import Request.
  Time since last request: 7.687434 seconds.
  path: Assets/Prefabs/Zombie.prefab
  artifactKey: Guid(7eeecbcc5aeffdc4c863ba2fca293ad7) Importer(815301076,1909f56bfc062723c751e8b465ee728b)
Start importing Assets/Prefabs/Zombie.prefab using Guid(7eeecbcc5aeffdc4c863ba2fca293ad7) Importer(815301076,1909f56bfc062723c751e8b465ee728b)  -> (artifact id: '8d914ab7afa320ab3c90a3cae7bf7664') in 0.046765 seconds
  Import took 0.049649 seconds .

========================================================================
Received Import Request.
  Time since last request: 0.007696 seconds.
  path: Assets/Prefabs/Zombie.prefab
  artifactKey: Guid(7eeecbcc5aeffdc4c863ba2fca293ad7) Importer(815301076,1909f56bfc062723c751e8b465ee728b)
Start importing Assets/Prefabs/Zombie.prefab using Guid(7eeecbcc5aeffdc4c863ba2fca293ad7) Importer(815301076,1909f56bfc062723c751e8b465ee728b)  -> (artifact id: '8d914ab7afa320ab3c90a3cae7bf7664') in 0.007190 seconds
  Import took 0.010071 seconds .

========================================================================
Received Import Request.
  Time since last request: 85.446173 seconds.
  path: Assets/Prefabs/Player.prefab
  artifactKey: Guid(7c36c611ca93975488793e7b473e48cc) Importer(815301076,1909f56bfc062723c751e8b465ee728b)
Start importing Assets/Prefabs/Player.prefab using Guid(7c36c611ca93975488793e7b473e48cc) Importer(815301076,1909f56bfc062723c751e8b465ee728b)  -> (artifact id: 'babe5f0189d70a151ead55aa2d043291') in 0.006227 seconds
  Import took 0.008990 seconds .

========================================================================
Received Import Request.
  Time since last request: 0.009644 seconds.
  path: Assets/Prefabs/Player.prefab
  artifactKey: Guid(7c36c611ca93975488793e7b473e48cc) Importer(815301076,1909f56bfc062723c751e8b465ee728b)
Start importing Assets/Prefabs/Player.prefab using Guid(7c36c611ca93975488793e7b473e48cc) Importer(815301076,1909f56bfc062723c751e8b465ee728b)  -> (artifact id: 'babe5f0189d70a151ead55aa2d043291') in 0.002711 seconds
  Import took 0.005801 seconds .

========================================================================
Received Import Request.
  Time since last request: 18.793575 seconds.
  path: Assets/Scripts/BattleSystem.cs
  artifactKey: Guid(2d07adf48c6e37745a6112cd1d33f37d) Importer(815301076,1909f56bfc062723c751e8b465ee728b)
Start importing Assets/Scripts/BattleSystem.cs using Guid(2d07adf48c6e37745a6112cd1d33f37d) Importer(815301076,1909f56bfc062723c751e8b465ee728b)  -> (artifact id: '166948e3ea2f283c83718a527bf1a5c9') in 0.007320 seconds
  Import took 0.010325 seconds .

========================================================================
Received Prepare
Registering precompiled user dll's ...
Registered in 0.002643 seconds.
Begin MonoManager ReloadAssembly
Native extension for WindowsStandalone target not found
Refreshing native plugins compatible for Editor in 0.46 ms, found 3 plugins.
Preloading 0 native plugins for Editor in 0.00 ms.
Mono: successfully reloaded assembly
- Completed reload, in  0.829 seconds
Platform modules already initialized, skipping
Refreshing native plugins compatible for Editor in 0.44 ms, found 3 plugins.
Preloading 0 native plugins for Editor in 0.00 ms.
Unloading 2111 Unused Serialized files (Serialized files now loaded: 0)
System memory in use before: 98.8 MB.
System memory in use after: 98.7 MB.

Unloading 21 unused Assets to reduce memory usage. Loaded Objects now: 2639.
Total: 1.788300 ms (FindLiveObjects: 0.176700 ms CreateObjectMapping: 0.069700 ms MarkObjects: 1.448800 ms  DeleteObjects: 0.092400 ms)

========================================================================
Received Import Request.
  Time since last request: 1462.002771 seconds.
  path: Assets/Scripts/BattleSystem.cs
  artifactKey: Guid(2d07adf48c6e37745a6112cd1d33f37d) Importer(815301076,1909f56bfc062723c751e8b465ee728b)
Start importing Assets/Scripts/BattleSystem.cs using Guid(2d07adf48c6e37745a6112cd1d33f37d) Importer(815301076,1909f56bfc062723c751e8b465ee728b)  -> (artifact id: '9c9412ae3e9c2efddf6715a5d66638e2') in 0.005935 seconds
  Import took 0.009381 seconds .

========================================================================
Received Import Request.
  Time since last request: 145.768190 seconds.
  path: Assets/Prefabs/Player.prefab
  artifactKey: Guid(7c36c611ca93975488793e7b473e48cc) Importer(815301076,1909f56bfc062723c751e8b465ee728b)
Start importing Assets/Prefabs/Player.prefab using Guid(7c36c611ca93975488793e7b473e48cc) Importer(815301076,1909f56bfc062723c751e8b465ee728b)  -> (artifact id: '2272aa2869e806b7047e81c0f9e7a4a3') in 0.018003 seconds
  Import took 0.020749 seconds .

========================================================================
Received Import Request.
  Time since last request: 6.911016 seconds.
  path: Assets/Scripts/Player.cs
  artifactKey: Guid(4f9583d367ebee74f940e9e81f017a69) Importer(815301076,1909f56bfc062723c751e8b465ee728b)
Start importing Assets/Scripts/Player.cs using Guid(4f9583d367ebee74f940e9e81f017a69) Importer(815301076,1909f56bfc062723c751e8b465ee728b)  -> (artifact id: 'bc4b4928044dc42ff7af18db30b41676') in 0.001527 seconds
  Import took 0.004238 seconds .

========================================================================
Received Import Request.
  Time since last request: 66.925279 seconds.
  path: Assets/Scripts/PCSCRIPT.cs
  artifactKey: Guid(5e532777f211bbd4a9c6047bd959da96) Importer(815301076,1909f56bfc062723c751e8b465ee728b)
Start importing Assets/Scripts/PCSCRIPT.cs using Guid(5e532777f211bbd4a9c6047bd959da96) Importer(815301076,1909f56bfc062723c751e8b465ee728b)  -> (artifact id: '0f229cbdf86d597ca6b3ab7782d6a665') in 0.005266 seconds
  Import took 0.008344 seconds .

========================================================================
Received Prepare
Registering precompiled user dll's ...
Registered in 0.002788 seconds.
Begin MonoManager ReloadAssembly
Native extension for WindowsStandalone target not found
Refreshing native plugins compatible for Editor in 0.40 ms, found 3 plugins.
Preloading 0 native plugins for Editor in 0.00 ms.
Mono: successfully reloaded assembly
- Completed reload, in  0.818 seconds
Platform modules already initialized, skipping
Refreshing native plugins compatible for Editor in 0.43 ms, found 3 plugins.
Preloading 0 native plugins for Editor in 0.00 ms.
Unloading 2113 Unused Serialized files (Serialized files now loaded: 0)
System memory in use before: 98.8 MB.
System memory in use after: 98.8 MB.

Unloading 21 unused Assets to reduce memory usage. Loaded Objects now: 2645.
Total: 1.847600 ms (FindLiveObjects: 0.178300 ms CreateObjectMapping: 0.071500 ms MarkObjects: 1.502200 ms  DeleteObjects: 0.094700 ms)

========================================================================
Received Prepare
Registering precompiled user dll's ...
Registered in 0.002685 seconds.
Begin MonoManager ReloadAssembly
Native extension for WindowsStandalone target not found
Refreshing native plugins compatible for Editor in 0.41 ms, found 3 plugins.
Preloading 0 native plugins for Editor in 0.00 ms.
Mono: successfully reloaded assembly
- Completed reload, in  0.812 seconds
Platform modules already initialized, skipping
Refreshing native plugins compatible for Editor in 0.40 ms, found 3 plugins.
Preloading 0 native plugins for Editor in 0.00 ms.
Unloading 2112 Unused Serialized files (Serialized files now loaded: 0)
System memory in use before: 98.8 MB.
System memory in use after: 98.8 MB.

Unloading 22 unused Assets to reduce memory usage. Loaded Objects now: 2648.
Total: 1.804400 ms (FindLiveObjects: 0.181800 ms CreateObjectMapping: 0.071200 ms MarkObjects: 1.464900 ms  DeleteObjects: 0.085900 ms)

========================================================================
Received Import Request.
  Time since last request: 31.352470 seconds.
  path: Assets/Scripts/PlayerScript.cs
  artifactKey: Guid(4f9583d367ebee74f940e9e81f017a69) Importer(815301076,1909f56bfc062723c751e8b465ee728b)
Start importing Assets/Scripts/PlayerScript.cs using Guid(4f9583d367ebee74f940e9e81f017a69) Importer(815301076,1909f56bfc062723c751e8b465ee728b)  -> (artifact id: 'd6e213f9c670c94bb5dfb0e16085d3ae') in 0.007853 seconds
  Import took 0.010869 seconds .

========================================================================
Received Prepare
Registering precompiled user dll's ...
Registered in 0.002733 seconds.
Begin MonoManager ReloadAssembly
Native extension for WindowsStandalone target not found
Refreshing native plugins compatible for Editor in 0.39 ms, found 3 plugins.
Preloading 0 native plugins for Editor in 0.00 ms.
Mono: successfully reloaded assembly
- Completed reload, in  0.812 seconds
Platform modules already initialized, skipping
Refreshing native plugins compatible for Editor in 0.41 ms, found 3 plugins.
Preloading 0 native plugins for Editor in 0.00 ms.
Unloading 2112 Unused Serialized files (Serialized files now loaded: 0)
System memory in use before: 98.8 MB.
System memory in use after: 98.8 MB.

Unloading 21 unused Assets to reduce memory usage. Loaded Objects now: 2652.
Total: 1.773200 ms (FindLiveObjects: 0.175100 ms CreateObjectMapping: 0.071200 ms MarkObjects: 1.438300 ms  DeleteObjects: 0.087200 ms)

========================================================================
Received Import Request.
  Time since last request: 11.373847 seconds.
  path: Assets/Scripts/PCScript.cs
  artifactKey: Guid(4f9583d367ebee74f940e9e81f017a69) Importer(815301076,1909f56bfc062723c751e8b465ee728b)
Start importing Assets/Scripts/PCScript.cs using Guid(4f9583d367ebee74f940e9e81f017a69) Importer(815301076,1909f56bfc062723c751e8b465ee728b)  -> (artifact id: '64a3511dd28da2fb29e5ed40be796da4') in 0.008362 seconds
  Import took 0.011406 seconds .

========================================================================
Received Prepare
Registering precompiled user dll's ...
Registered in 0.002620 seconds.
Begin MonoManager ReloadAssembly
Native extension for WindowsStandalone target not found
Refreshing native plugins compatible for Editor in 0.40 ms, found 3 plugins.
Preloading 0 native plugins for Editor in 0.00 ms.
Mono: successfully reloaded assembly
- Completed reload, in  0.816 seconds
Platform modules already initialized, skipping
Refreshing native plugins compatible for Editor in 0.42 ms, found 3 plugins.
Preloading 0 native plugins for Editor in 0.00 ms.
Unloading 2112 Unused Serialized files (Serialized files now loaded: 0)
System memory in use before: 98.8 MB.
System memory in use after: 98.8 MB.

Unloading 21 unused Assets to reduce memory usage. Loaded Objects now: 2656.
Total: 1.931300 ms (FindLiveObjects: 0.191500 ms CreateObjectMapping: 0.079000 ms MarkObjects: 1.572100 ms  DeleteObjects: 0.087900 ms)

========================================================================
Received Import Request.
  Time since last request: 9.542184 seconds.
  path: Assets/Scripts/PCS.cs
  artifactKey: Guid(f1aff1e5e1d4f94418f846fbf1c1c85a) Importer(815301076,1909f56bfc062723c751e8b465ee728b)
Start importing Assets/Scripts/PCS.cs using Guid(f1aff1e5e1d4f94418f846fbf1c1c85a) Importer(815301076,1909f56bfc062723c751e8b465ee728b)  -> (artifact id: 'ee670f01a73122fdaa14e9710d13ffa8') in 0.008125 seconds
  Import took 0.011027 seconds .

========================================================================
Received Prepare
Registering precompiled user dll's ...
Registered in 0.002720 seconds.
Begin MonoManager ReloadAssembly
Native extension for WindowsStandalone target not found
Refreshing native plugins compatible for Editor in 0.40 ms, found 3 plugins.
Preloading 0 native plugins for Editor in 0.00 ms.
Mono: successfully reloaded assembly
- Completed reload, in  0.815 seconds
Platform modules already initialized, skipping
Refreshing native plugins compatible for Editor in 0.39 ms, found 3 plugins.
Preloading 0 native plugins for Editor in 0.00 ms.
Unloading 2113 Unused Serialized files (Serialized files now loaded: 0)
System memory in use before: 98.8 MB.
System memory in use after: 98.8 MB.

Unloading 21 unused Assets to reduce memory usage. Loaded Objects now: 2661.
Total: 1.970500 ms (FindLiveObjects: 0.191800 ms CreateObjectMapping: 0.075500 ms MarkObjects: 1.616700 ms  DeleteObjects: 0.085800 ms)

========================================================================
Received Prepare
Registering precompiled user dll's ...
Registered in 0.002768 seconds.
Begin MonoManager ReloadAssembly
Native extension for WindowsStandalone target not found
Refreshing native plugins compatible for Editor in 0.43 ms, found 3 plugins.
Preloading 0 native plugins for Editor in 0.00 ms.
Mono: successfully reloaded assembly
- Completed reload, in  0.814 seconds
Platform modules already initialized, skipping
Refreshing native plugins compatible for Editor in 0.46 ms, found 3 plugins.
Preloading 0 native plugins for Editor in 0.00 ms.
Unloading 2112 Unused Serialized files (Serialized files now loaded: 0)
System memory in use before: 98.8 MB.
System memory in use after: 98.8 MB.

Unloading 22 unused Assets to reduce memory usage. Loaded Objects now: 2664.
Total: 1.999400 ms (FindLiveObjects: 0.256700 ms CreateObjectMapping: 0.114700 ms MarkObjects: 1.533400 ms  DeleteObjects: 0.093100 ms)

========================================================================
Received Prepare
Registering precompiled user dll's ...
Registered in 0.002737 seconds.
Begin MonoManager ReloadAssembly
Native extension for WindowsStandalone target not found
Refreshing native plugins compatible for Editor in 0.40 ms, found 3 plugins.
Preloading 0 native plugins for Editor in 0.00 ms.
Mono: successfully reloaded assembly
- Completed reload, in  0.828 seconds
Platform modules already initialized, skipping
Refreshing native plugins compatible for Editor in 0.42 ms, found 3 plugins.
Preloading 0 native plugins for Editor in 0.00 ms.
Unloading 2112 Unused Serialized files (Serialized files now loaded: 0)
System memory in use before: 98.8 MB.
System memory in use after: 98.8 MB.

Unloading 21 unused Assets to reduce memory usage. Loaded Objects now: 2668.
Total: 1.893600 ms (FindLiveObjects: 0.178800 ms CreateObjectMapping: 0.071400 ms MarkObjects: 1.550800 ms  DeleteObjects: 0.091700 ms)

AssetImportWorkerClient::OnTransportError - code=2 error=End of file
